<?xml version="1.0" encoding="UTF-8"?>
<testsuite name="com.ldts.pacman.states.StateTest" tests="1" skipped="0" failures="0" errors="0" timestamp="2022-12-23T19:33:20" hostname="joao-guedes" time="0.015">
  <properties/>
  <testcase name="step()" classname="com.ldts.pacman.states.StateTest" time="0.015"/>
  <system-out><![CDATA[]]></system-out>
  <system-err><![CDATA[]]></system-err>
</testsuite>
