<?xml version="1.0" encoding="UTF-8"?>
<testsuite name="com.ldts.pacman.commands.game.MazeIsClosedTest" tests="1" skipped="0" failures="0" errors="0" timestamp="2022-12-23T19:33:16" hostname="joao-guedes" time="0.164">
  <properties/>
  <testcase name="allMazesClosed" classname="com.ldts.pacman.commands.game.MazeIsClosedTest" time="0.164"/>
  <system-out><![CDATA[timestamp = 2022-12-23T19:33:16.307353, MazeIsClosedTest:allMazesClosed = 
                              |-------------------jqwik-------------------
tries = 1000                  | # of calls to property
checks = 1000                 | # of not rejected calls
generation = RANDOMIZED       | parameters are randomly generated
after-failure = PREVIOUS_SEED | use the previous seed
when-fixed-seed = ALLOW       | fixing the random seed is allowed
edge-cases#mode = MIXIN       | edge cases are mixed in
edge-cases#total = 48         | # of all combined edge cases
edge-cases#tried = 48         | # of edge cases tried in current run
seed = 8672094625153489114    | random seed to reproduce generated values


]]></system-out>
  <system-err><![CDATA[]]></system-err>
</testsuite>
