<?xml version="1.0" encoding="UTF-8"?>
<testsuite name="com.ldts.pacman.models.menu.WinMenuTest" tests="3" skipped="0" failures="0" errors="0" timestamp="2022-12-23T19:33:20" hostname="joao-guedes" time="0.0">
  <properties/>
  <testcase name="selectDown()" classname="com.ldts.pacman.models.menu.WinMenuTest" time="0.0"/>
  <testcase name="initialState()" classname="com.ldts.pacman.models.menu.WinMenuTest" time="0.0"/>
  <testcase name="selectUp()" classname="com.ldts.pacman.models.menu.WinMenuTest" time="0.0"/>
  <system-out><![CDATA[]]></system-out>
  <system-err><![CDATA[]]></system-err>
</testsuite>
