<?xml version="1.0" encoding="UTF-8"?>
<testsuite name="com.ldts.pacman.viewer.menu.GameOverMenuViewerTest" tests="1" skipped="0" failures="0" errors="0" timestamp="2022-12-23T19:33:20" hostname="joao-guedes" time="0.001">
  <properties/>
  <testcase name="drawElements()" classname="com.ldts.pacman.viewer.menu.GameOverMenuViewerTest" time="0.001"/>
  <system-out><![CDATA[]]></system-out>
  <system-err><![CDATA[]]></system-err>
</testsuite>
