<?xml version="1.0" encoding="UTF-8"?>
<testsuite name="com.ldts.pacman.viewer.game.MazeViewerTest" tests="5" skipped="0" failures="0" errors="0" timestamp="2022-12-23T19:33:20" hostname="joao-guedes" time="0.01">
  <properties/>
  <testcase name="drawDots()" classname="com.ldts.pacman.viewer.game.MazeViewerTest" time="0.003"/>
  <testcase name="drawGhosts()" classname="com.ldts.pacman.viewer.game.MazeViewerTest" time="0.002"/>
  <testcase name="drawPacMan()" classname="com.ldts.pacman.viewer.game.MazeViewerTest" time="0.002"/>
  <testcase name="refreshAndClear()" classname="com.ldts.pacman.viewer.game.MazeViewerTest" time="0.002"/>
  <testcase name="drawMazeWalls()" classname="com.ldts.pacman.viewer.game.MazeViewerTest" time="0.001"/>
  <system-out><![CDATA[]]></system-out>
  <system-err><![CDATA[]]></system-err>
</testsuite>
